[debug] [2023-05-19T05:40:29.609Z] ----------------------------------------------------------------------
[debug] [2023-05-19T05:40:29.610Z] Command:       C:\Program Files\nodejs\node.exe C:\Users\ACER\AppData\Roaming\npm\node_modules\firebase-tools\lib\bin\firebase.js init
[debug] [2023-05-19T05:40:29.611Z] CLI Version:   12.0.1
[debug] [2023-05-19T05:40:29.611Z] Platform:      win32
[debug] [2023-05-19T05:40:29.611Z] Node Version:  v18.16.0
[debug] [2023-05-19T05:40:29.612Z] Time:          Fri May 19 2023 11:10:29 GMT+0530 (India Standard Time)
[debug] [2023-05-19T05:40:29.612Z] ----------------------------------------------------------------------
[debug] 
[debug] [2023-05-19T05:40:29.669Z] > command requires scopes: ["email","openid","https://www.googleapis.com/auth/cloudplatformprojects.readonly","https://www.googleapis.com/auth/firebase","https://www.googleapis.com/auth/cloud-platform"]
[debug] [2023-05-19T05:40:29.670Z] > authorizing via signed-in user (saunak.nxs@gmail.com)
[info] 
     ######## #### ########  ######## ########     ###     ######  ########
     ##        ##  ##     ## ##       ##     ##  ##   ##  ##       ##
     ######    ##  ########  ######   ########  #########  ######  ######
     ##        ##  ##    ##  ##       ##     ## ##     ##       ## ##
     ##       #### ##     ## ######## ########  ##     ##  ######  ########

You're about to initialize a Firebase project in this directory:

  C:\Users\ACER\Desktop\React Native\Server

Before we get started, keep in mind:

  * You are initializing within an existing Firebase project directory

[info] 
=== Project Setup
[info] 
[info] First, let's associate this project directory with a Firebase project.
[info] You can create multiple project aliases by running firebase use --add, 
[info] but for now we'll just set up a default project.
[info] 
[debug] [2023-05-19T05:40:38.290Z] Using project from CLI flag: loginsignup-2f9a8
[debug] [2023-05-19T05:40:38.292Z] >>> [apiv2][query] GET https://firebase.googleapis.com/v1beta1/projects/loginsignup-2f9a8 [none]
[debug] [2023-05-19T05:40:38.874Z] <<< [apiv2][status] GET https://firebase.googleapis.com/v1beta1/projects/loginsignup-2f9a8 200
[debug] [2023-05-19T05:40:38.874Z] <<< [apiv2][body] GET https://firebase.googleapis.com/v1beta1/projects/loginsignup-2f9a8 {"projectId":"loginsignup-2f9a8","projectNumber":"399315552623","displayName":"loginSignup","name":"projects/loginsignup-2f9a8","resources":{"hostingSite":"loginsignup-2f9a8","realtimeDatabaseInstance":"loginsignup-2f9a8-default-rtdb"},"state":"ACTIVE","etag":"1_7d4eed2d-ca0c-4cbb-9e1b-bbf93dd5f4ca"}
[info] i  Using project loginsignup-2f9a8 (loginSignup) 
[info] 
=== Hosting Setup
[info] 
[info] Your public directory is the folder (relative to your project directory) that
[info] will contain Hosting assets to be uploaded with firebase deploy. If you
[info] have a build process for your assets, use your build's output directory.
[info] 
[debug] [2023-05-19T05:40:53.336Z] >>> [apiv2][query] GET https://www.gstatic.com/firebasejs/releases.json [none]
[debug] [2023-05-19T05:40:53.519Z] <<< [apiv2][status] GET https://www.gstatic.com/firebasejs/releases.json 200
[debug] [2023-05-19T05:40:53.520Z] <<< [apiv2][body] GET https://www.gstatic.com/firebasejs/releases.json {"current":{"version":"9.22.0","browserURL":"https://www.gstatic.com/firebasejs/9.22.0/firebase.js","packageURL":"https://www.gstatic.com/firebasejs/9.22.0/firebase.tgz"},"live":{"version":"9.22","browserURL":"https://www.gstatic.com/firebasejs/live/9.22/firebase.js","packageURL":"https://www.gstatic.com/firebasejs/live/9.22/firebase.tgz"},"components":{"analytics":"https://www.gstatic.com/firebasejs/9.22.0/firebase-analytics.js","app":"https://www.gstatic.com/firebasejs/9.22.0/firebase-app.js","app-check":"https://www.gstatic.com/firebasejs/9.22.0/firebase-app-check.js","auth":"https://www.gstatic.com/firebasejs/9.22.0/firebase-auth.js","auth/cordova":"https://www.gstatic.com/firebasejs/9.22.0/firebase-auth/cordova.js","auth/react-native":"https://www.gstatic.com/firebasejs/9.22.0/firebase-auth/react-native.js","functions":"https://www.gstatic.com/firebasejs/9.22.0/firebase-functions.js","firestore":"https://www.gstatic.com/firebasejs/9.22.0/firebase-firestore.js","firestore/lite":"https://www.gstatic.com/firebasejs/9.22.0/firebase-firestore/lite.js","installations":"https://www.gstatic.com/firebasejs/9.22.0/firebase-installations.js","storage":"https://www.gstatic.com/firebasejs/9.22.0/firebase-storage.js","performance":"https://www.gstatic.com/firebasejs/9.22.0/firebase-performance.js","remote-config":"https://www.gstatic.com/firebasejs/9.22.0/firebase-remote-config.js","messaging":"https://www.gstatic.com/firebasejs/9.22.0/firebase-messaging.js","messaging/sw":"https://www.gstatic.com/firebasejs/9.22.0/firebase-messaging/sw.js","database":"https://www.gstatic.com/firebasejs/9.22.0/firebase-database.js","firestore.memory":"https://www.gstatic.com/firebasejs/9.22.0/firebase-firestore.memory.js"}}
[info] +  Wrote y/index.html 
[info] 
[info] i  Detected a .git folder at C:\Users\ACER\Desktop\React Native\Server 
[info] i  Authorizing with GitHub to upload your service account to a GitHub repository's secrets store. 
[info] 
[info] Visit this URL on this device to log in:
[info] https://github.com/login/oauth/authorize?client_id=89cf50f02ac6aaed3484&state=769352037&redirect_uri=http%3A%2F%2Flocalhost%3A9005&scope=read%3Auser%20repo%20public_repo
[info] 
[info] Waiting for authentication...
[debug] [2023-05-19T05:41:20.345Z] >>> [apiv2][query] POST https://github.com/login/oauth/access_token [none]
[debug] [2023-05-19T05:41:20.345Z] >>> [apiv2][body] POST https://github.com/login/oauth/access_token [stream]
[debug] [2023-05-19T05:41:20.778Z] <<< [apiv2][status] POST https://github.com/login/oauth/access_token 200
[debug] [2023-05-19T05:41:20.778Z] <<< [apiv2][body] POST https://github.com/login/oauth/access_token {"access_token":"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","token_type":"bearer","scope":"read:user,repo"}
[debug] [2023-05-19T05:41:20.790Z] >>> [apiv2][query] GET https://api.github.com/user [none]
[debug] [2023-05-19T05:41:21.241Z] <<< [apiv2][status] GET https://api.github.com/user 200
[debug] [2023-05-19T05:41:21.241Z] <<< [apiv2][body] GET https://api.github.com/user {"login":"saunak19","id":109210163,"node_id":"U_kgDOBoJqMw","avatar_url":"https://avatars.githubusercontent.com/u/109210163?v=4","gravatar_id":"","url":"https://api.github.com/users/saunak19","html_url":"https://github.com/saunak19","followers_url":"https://api.github.com/users/saunak19/followers","following_url":"https://api.github.com/users/saunak19/following{/other_user}","gists_url":"https://api.github.com/users/saunak19/gists{/gist_id}","starred_url":"https://api.github.com/users/saunak19/starred{/owner}{/repo}","subscriptions_url":"https://api.github.com/users/saunak19/subscriptions","organizations_url":"https://api.github.com/users/saunak19/orgs","repos_url":"https://api.github.com/users/saunak19/repos","events_url":"https://api.github.com/users/saunak19/events{/privacy}","received_events_url":"https://api.github.com/users/saunak19/received_events","type":"User","site_admin":false,"name":null,"company":null,"blog":"","location":null,"email":null,"hireable":null,"bio":null,"twitter_username":null,"public_repos":3,"public_gists":0,"followers":0,"following":3,"created_at":"2022-07-13T08:49:35Z","updated_at":"2023-05-16T14:52:23Z","private_gists":0,"total_private_repos":0,"owned_private_repos":0,"disk_usage":2632,"collaborators":0,"two_factor_authentication":false,"plan":{"name":"free","space":976562499,"collaborators":0,"private_repos":10000}}
[info] 
[info] +  Success! Logged into GitHub as saunak19 
[info] 
